<?xml version="1.0" encoding="utf-8"?><testsuites name="pytest tests"><testsuite name="pytest" errors="0" failures="0" skipped="0" tests="13" time="5.641" timestamp="2026-04-25T21:31:51.046832+00:00" hostname="agent-env-0ccbdbd7-5580-4a15-b0e1-92d00742aedd"><testcase classname="backend.tests.test_midtrans_integration.TestBookingCreateMidtrans" name="test_booking_returns_snap_token_and_midtrans_metadata" time="0.820" /><testcase classname="backend.tests.test_midtrans_integration.TestBookingCreateMidtrans" name="test_invalid_service_404_no_midtrans_call" time="0.003" /><testcase classname="backend.tests.test_midtrans_integration.TestBookingCreateMidtrans" name="test_past_date_400_no_midtrans_call" time="0.002" /><testcase classname="backend.tests.test_midtrans_integration.TestPublicBookingGet" name="test_public_get_returns_payment_status_and_no_secrets" time="0.726" /><testcase classname="backend.tests.test_midtrans_integration.TestPublicBookingGet" name="test_public_get_unknown_404" time="0.002" /><testcase classname="backend.tests.test_midtrans_integration.TestMidtransWebhook" name="test_webhook_invalid_signature_403" time="0.725" /><testcase classname="backend.tests.test_midtrans_integration.TestMidtransWebhook" name="test_webhook_settlement_marks_paid_and_confirmed" time="0.800" /><testcase classname="backend.tests.test_midtrans_integration.TestMidtransWebhook" name="test_webhook_cancel_or_expire_marks_failed[cancel-failed-cancelled]" time="0.721" /><testcase classname="backend.tests.test_midtrans_integration.TestMidtransWebhook" name="test_webhook_cancel_or_expire_marks_failed[expire-failed-cancelled]" time="0.733" /><testcase classname="backend.tests.test_midtrans_integration.TestAdminWithMidtrans" name="test_admin_stats_includes_paid_and_revenue" time="0.236" /><testcase classname="backend.tests.test_midtrans_integration.TestAdminWithMidtrans" name="test_admin_bookings_excludes_midtrans_secrets_and_serializes_expires_at" time="0.003" /><testcase classname="backend.tests.test_midtrans_integration.TestAdminWithMidtrans" name="test_admin_patch_confirmed_unsets_expires_at" time="0.736" /><testcase classname="backend.tests.test_midtrans_integration.TestMongoIndexes" name="test_bookings_has_ttl_index_on_expires_at" time="0.011" /></testsuite></testsuites>