<?xml version="1.0" encoding="utf-8"?><testsuites name="pytest tests"><testsuite name="pytest" errors="0" failures="0" skipped="0" tests="42" time="7.688" timestamp="2026-04-25T21:32:02.081156+00:00" hostname="agent-env-0ccbdbd7-5580-4a15-b0e1-92d00742aedd"><testcase classname="backend.tests.test_inscale_api.TestHealth" name="test_root_health" time="0.003" /><testcase classname="backend.tests.test_inscale_api.TestServices" name="test_list_services_order" time="0.003" /><testcase classname="backend.tests.test_inscale_api.TestServices" name="test_get_service_existing" time="0.002" /><testcase classname="backend.tests.test_inscale_api.TestServices" name="test_get_service_missing_returns_404" time="0.002" /><testcase classname="backend.tests.test_inscale_api.TestAvailability" name="test_availability_workday_returns_9_slots" time="0.002" /><testcase classname="backend.tests.test_inscale_api.TestAvailability" name="test_availability_sunday_all_unavailable" time="0.002" /><testcase classname="backend.tests.test_inscale_api.TestAvailability" name="test_availability_past_date_all_unavailable" time="0.001" /><testcase classname="backend.tests.test_inscale_api.TestAvailability" name="test_availability_invalid_date_400" time="0.001" /><testcase classname="backend.tests.test_inscale_api.TestBookings" name="test_create_booking_valid" time="0.735" /><testcase classname="backend.tests.test_inscale_api.TestBookings" name="test_create_booking_invalid_date_format" time="0.002" /><testcase classname="backend.tests.test_inscale_api.TestBookings" name="test_create_booking_past_date" time="0.001" /><testcase classname="backend.tests.test_inscale_api.TestBookings" name="test_create_booking_sunday" time="0.001" /><testcase classname="backend.tests.test_inscale_api.TestBookings" name="test_create_booking_invalid_slot" time="0.001" /><testcase classname="backend.tests.test_inscale_api.TestBookings" name="test_create_booking_unknown_service" time="0.002" /><testcase classname="backend.tests.test_inscale_api.TestBookings" name="test_create_booking_conflict_409" time="0.721" /><testcase classname="backend.tests.test_inscale_api.TestAuth" name="test_login_success_sets_cookies" time="0.229" /><testcase classname="backend.tests.test_inscale_api.TestAuth" name="test_me_with_cookie" time="0.236" /><testcase classname="backend.tests.test_inscale_api.TestAuth" name="test_me_without_cookie_401" time="0.001" /><testcase classname="backend.tests.test_inscale_api.TestAuth" name="test_login_wrong_password_401" time="0.003" /><testcase classname="backend.tests.test_inscale_api.TestAuth" name="test_brute_force_lockout_429" time="0.010" /><testcase classname="backend.tests.test_inscale_api.TestAuth" name="test_logout_clears_cookies" time="0.238" /><testcase classname="backend.tests.test_inscale_api.TestAdmin" name="test_admin_bookings_unauth_401" time="0.001" /><testcase classname="backend.tests.test_inscale_api.TestAdmin" name="test_admin_bookings_list" time="0.002" /><testcase classname="backend.tests.test_inscale_api.TestAdmin" name="test_admin_update_booking_confirm" time="0.002" /><testcase classname="backend.tests.test_inscale_api.TestAdmin" name="test_admin_update_booking_invalid_status" time="0.002" /><testcase classname="backend.tests.test_inscale_api.TestAdmin" name="test_admin_update_booking_missing_404" time="0.002" /><testcase classname="backend.tests.test_inscale_api.TestAdmin" name="test_admin_stats" time="0.005" /><testcase classname="backend.tests.test_inscale_api.TestAdmin" name="test_admin_delete_booking" time="0.005" /><testcase classname="backend.tests.test_inscale_api.TestAdmin" name="test_admin_delete_booking_missing_404" time="0.003" /><testcase classname="backend.tests.test_midtrans_integration.TestBookingCreateMidtrans" name="test_booking_returns_snap_token_and_midtrans_metadata" time="0.718" /><testcase classname="backend.tests.test_midtrans_integration.TestBookingCreateMidtrans" name="test_invalid_service_404_no_midtrans_call" time="0.003" /><testcase classname="backend.tests.test_midtrans_integration.TestBookingCreateMidtrans" name="test_past_date_400_no_midtrans_call" time="0.002" /><testcase classname="backend.tests.test_midtrans_integration.TestPublicBookingGet" name="test_public_get_returns_payment_status_and_no_secrets" time="0.717" /><testcase classname="backend.tests.test_midtrans_integration.TestPublicBookingGet" name="test_public_get_unknown_404" time="0.002" /><testcase classname="backend.tests.test_midtrans_integration.TestMidtransWebhook" name="test_webhook_invalid_signature_403" time="0.727" /><testcase classname="backend.tests.test_midtrans_integration.TestMidtransWebhook" name="test_webhook_settlement_marks_paid_and_confirmed" time="0.785" /><testcase classname="backend.tests.test_midtrans_integration.TestMidtransWebhook" name="test_webhook_cancel_or_expire_marks_failed[cancel-failed-cancelled]" time="0.726" /><testcase classname="backend.tests.test_midtrans_integration.TestMidtransWebhook" name="test_webhook_cancel_or_expire_marks_failed[expire-failed-cancelled]" time="0.714" /><testcase classname="backend.tests.test_midtrans_integration.TestAdminWithMidtrans" name="test_admin_stats_includes_paid_and_revenue" time="0.234" /><testcase classname="backend.tests.test_midtrans_integration.TestAdminWithMidtrans" name="test_admin_bookings_excludes_midtrans_secrets_and_serializes_expires_at" time="0.003" /><testcase classname="backend.tests.test_midtrans_integration.TestAdminWithMidtrans" name="test_admin_patch_confirmed_unsets_expires_at" time="0.718" /><testcase classname="backend.tests.test_midtrans_integration.TestMongoIndexes" name="test_bookings_has_ttl_index_on_expires_at" time="0.010" /></testsuite></testsuites>